=== Gold-verdict experiment ===
GPU:       0
ADAPTERS:  /shared/workspace/lrv/luka/XPlainVerse-ACMChallenge/runs/vlm_full/v1-20260524-214014/checkpoint-2400
variants:  baseline conditioned structured

=== 21:17:01 [baseline] infer 200 rows ===
[done] infer rc=0 -> /shared/workspace/lrv/luka/XPlainVerse-ACMChallenge/code/XPlainVerse-ACMChallenge/research/experiments/01_gold_verdict/results/baseline/infer.jsonl
=== 21:41:27 [baseline] build submission ===
[done] submission -> /shared/workspace/lrv/luka/XPlainVerse-ACMChallenge/code/XPlainVerse-ACMChallenge/research/experiments/01_gold_verdict/results/baseline/submission.jsonl
=== 21:41:27 [baseline] official eval ===
[done] eval rc=0 -> /shared/workspace/lrv/luka/XPlainVerse-ACMChallenge/code/XPlainVerse-ACMChallenge/research/experiments/01_gold_verdict/results/baseline/eval_results/final_scores.json

=== 23:15:11 [conditioned] infer 200 rows ===
[done] infer rc=0 -> /shared/workspace/lrv/luka/XPlainVerse-ACMChallenge/code/XPlainVerse-ACMChallenge/research/experiments/01_gold_verdict/results/conditioned/infer.jsonl
=== 23:40:36 [conditioned] build submission ===
[done] submission -> /shared/workspace/lrv/luka/XPlainVerse-ACMChallenge/code/XPlainVerse-ACMChallenge/research/experiments/01_gold_verdict/results/conditioned/submission.jsonl
=== 23:40:36 [conditioned] official eval ===
=== Gold-verdict experiment ===
GPU:       0
ADAPTERS:  /shared/workspace/lrv/luka/XPlainVerse-ACMChallenge/runs/vlm_full/v1-20260524-214014/checkpoint-2400
variants:  baseline conditioned structured

[skip] baseline already has final_scores.json
[skip] conditioned infer already done -> /shared/workspace/lrv/luka/XPlainVerse-ACMChallenge/code/XPlainVerse-ACMChallenge/research/experiments/01_gold_verdict/results/conditioned/infer.jsonl
[skip] conditioned submission already done -> /shared/workspace/lrv/luka/XPlainVerse-ACMChallenge/code/XPlainVerse-ACMChallenge/research/experiments/01_gold_verdict/results/conditioned/submission.jsonl
=== 08:51:44 [conditioned] official eval ===
[done] eval rc=0 -> /shared/workspace/lrv/luka/XPlainVerse-ACMChallenge/code/XPlainVerse-ACMChallenge/research/experiments/01_gold_verdict/results/conditioned/eval_results/final_scores.json

=== 10:59:40 [structured] infer 200 rows ===
